Performing C SOURCE FILE Test CMAKE_HAVE_LIBC_PTHREAD failed with the following output:
Change Dir: /home/jiangtao/shuai_ws/slambook/ch3/visualizeGeometry/build/CMakeFiles/CMakeScratch/TryCompile-DsGziR

Run Build Command(s):/usr/bin/make -f Makefile cmTC_ff49c/fast && /usr/bin/make  -f CMakeFiles/cmTC_ff49c.dir/build.make CMakeFiles/cmTC_ff49c.dir/build
make[1]: Entering directory '/home/jiangtao/shuai_ws/slambook/ch3/visualizeGeometry/build/CMakeFiles/CMakeScratch/TryCompile-DsGziR'
Building C object CMakeFiles/cmTC_ff49c.dir/src.c.o
/usr/bin/cc -DCMAKE_HAVE_LIBC_PTHREAD   -o CMakeFiles/cmTC_ff49c.dir/src.c.o -c /home/jiangtao/shuai_ws/slambook/ch3/visualizeGeometry/build/CMakeFiles/CMakeScratch/TryCompile-DsGziR/src.c
Linking C executable cmTC_ff49c
/usr/local/bin/cmake -E cmake_link_script CMakeFiles/cmTC_ff49c.dir/link.txt --verbose=1
/usr/bin/cc -rdynamic CMakeFiles/cmTC_ff49c.dir/src.c.o -o cmTC_ff49c 
/usr/bin/ld: CMakeFiles/cmTC_ff49c.dir/src.c.o: in function `main':
src.c:(.text+0x46): undefined reference to `pthread_create'
/usr/bin/ld: src.c:(.text+0x52): undefined reference to `pthread_detach'
/usr/bin/ld: src.c:(.text+0x5e): undefined reference to `pthread_cancel'
/usr/bin/ld: src.c:(.text+0x6f): undefined reference to `pthread_join'
collect2: error: ld returned 1 exit status
make[1]: *** [CMakeFiles/cmTC_ff49c.dir/build.make:99: cmTC_ff49c] Error 1
make[1]: Leaving directory '/home/jiangtao/shuai_ws/slambook/ch3/visualizeGeometry/build/CMakeFiles/CMakeScratch/TryCompile-DsGziR'
make: *** [Makefile:127: cmTC_ff49c/fast] Error 2


Source file was:
#include <pthread.h>

static void* test_func(void* data)
{
  return data;
}

int main(void)
{
  pthread_t thread;
  pthread_create(&thread, NULL, test_func, NULL);
  pthread_detach(thread);
  pthread_cancel(thread);
  pthread_join(thread, NULL);
  pthread_atfork(NULL, NULL, NULL);
  pthread_exit(NULL);

  return 0;
}


Determining if the function pthread_create exists in the pthreads failed with the following output:
Change Dir: /home/jiangtao/shuai_ws/slambook/ch3/visualizeGeometry/build/CMakeFiles/CMakeScratch/TryCompile-8CRxmQ

Run Build Command(s):/usr/bin/make -f Makefile cmTC_e9e0f/fast && /usr/bin/make  -f CMakeFiles/cmTC_e9e0f.dir/build.make CMakeFiles/cmTC_e9e0f.dir/build
make[1]: Entering directory '/home/jiangtao/shuai_ws/slambook/ch3/visualizeGeometry/build/CMakeFiles/CMakeScratch/TryCompile-8CRxmQ'
Building C object CMakeFiles/cmTC_e9e0f.dir/CheckFunctionExists.c.o
/usr/bin/cc   -DCHECK_FUNCTION_EXISTS=pthread_create -o CMakeFiles/cmTC_e9e0f.dir/CheckFunctionExists.c.o -c /home/jiangtao/shuai_ws/slambook/ch3/visualizeGeometry/build/CMakeFiles/CMakeScratch/TryCompile-8CRxmQ/CheckFunctionExists.c
Linking C executable cmTC_e9e0f
/usr/local/bin/cmake -E cmake_link_script CMakeFiles/cmTC_e9e0f.dir/link.txt --verbose=1
/usr/bin/cc  -DCHECK_FUNCTION_EXISTS=pthread_create -rdynamic CMakeFiles/cmTC_e9e0f.dir/CheckFunctionExists.c.o -o cmTC_e9e0f  -lpthreads 
/usr/bin/ld: cannot find -lpthreads
collect2: error: ld returned 1 exit status
make[1]: *** [CMakeFiles/cmTC_e9e0f.dir/build.make:99: cmTC_e9e0f] Error 1
make[1]: Leaving directory '/home/jiangtao/shuai_ws/slambook/ch3/visualizeGeometry/build/CMakeFiles/CMakeScratch/TryCompile-8CRxmQ'
make: *** [Makefile:127: cmTC_e9e0f/fast] Error 2



